<?xml version="1.0" encoding="UTF-8"?><testsuites><testsuite name="post user tests" tests="1" failures="0" time="0.006"><testcase name="test mojit" time="0.001"></testcase></testsuite><testsuite name="post-model user tests" tests="1" failures="0" time="0.005"><testcase name="test mojit model" time="0"></testcase></testsuite><testsuite name="insert user tests" tests="1" failures="0" time="0.005"><testcase name="test mojit" time="0.001"></testcase></testsuite><testsuite name="insert-model user tests" tests="1" failures="0" time="0.004"><testcase name="test mojit model" time="0.001"></testcase></testsuite><testsuite name="getinfo user tests" tests="1" failures="0" time="0.006"><testcase name="test mojit" time="0.001"></testcase></testsuite><testsuite name="getinfo-model user tests" tests="1" failures="0" time="0.003"><testcase name="test mojit model" time="0"></testcase></testsuite><testsuite name="delete user tests" tests="1" failures="0" time="0.004"><testcase name="test mojit" time="0.001"></testcase></testsuite><testsuite name="delete-model user tests" tests="1" failures="0" time="0.004"><testcase name="test mojit model" time="0.001"></testcase></testsuite></testsuites>